<?xml version="1.0" encoding="UTF-8" ?>
<testsuite tests="22" failures="1" name="LiquidContainers2Test" time="0.086" errors="0" skipped="0">
  <properties>
[...]
</properties>
  <testcase classname="LiquidContainers2Test" name="empties" time="0.028"/>
  <testcase classname="LiquidContainers2Test" name="add1" time="0.001"/>
  <testcase classname="LiquidContainers2Test" name="add2" time="0.002"/>
  <testcase classname="LiquidContainers2Test" name="add3" time="0.002"/>
  <testcase classname="LiquidContainers2Test" name="add4" time="0.003"/>
  <testcase classname="LiquidContainers2Test" name="add5" time="0.002"/>
  <testcase classname="LiquidContainers2Test" name="add6" time="0.002"/>
  <testcase classname="LiquidContainers2Test" name="move1" time="0.003"/>
  <testcase classname="LiquidContainers2Test" name="move2" time="0.001"/>
  <testcase classname="LiquidContainers2Test" name="move3" time="0.002"/>
  <testcase classname="LiquidContainers2Test" name="move4" time="0.002"/>
  <testcase classname="LiquidContainers2Test" name="move5" time="0.004"/>
  <testcase classname="LiquidContainers2Test" name="container1" time="0.004"/>
  <testcase classname="LiquidContainers2Test" name="container2" time="0.001"/>
  <testcase classname="LiquidContainers2Test" name="container3" time="0"/>
  <testcase classname="LiquidContainers2Test" name="container4" time="0"/>
  <testcase classname="LiquidContainers2Test" name="container5" time="0.006">
    <failure message="Try:
Container container = new Container();
container.add(10);
container.add(95);
container.add(-5);
System.out.printlin(container);
 expected:&lt;[100]/100&gt; but was:&lt;[95]/100&gt;" type="org.junit.ComparisonFailure">org.junit.ComparisonFailure: Try:
Container container = new Container();
container.add(10);
container.add(95);
container.add(-5);
System.out.printlin(container);
 expected:&lt;[100]/100&gt; but was:&lt;[95]/100&gt;
	at org.junit.Assert.assertEquals(Assert.java:115)
	at LiquidContainers2Test.container5(LiquidContainers2Test.java:65)
	at java.base/jdk.internal.reflect.NativeMethodAccessorImpl.invoke0(Native Method)
	at java.base/jdk.internal.reflect.NativeMethodAccessorImpl.invoke(NativeMethodAccessorImpl.java:62)
	at java.base/jdk.internal.reflect.DelegatingMethodAccessorImpl.invoke(DelegatingMethodAccessorImpl.java:43)
	at java.base/java.lang.reflect.Method.invoke(Method.java:566)
	at org.junit.runners.model.FrameworkMethod$1.runReflectiveCall(FrameworkMethod.java:50)
	at org.junit.internal.runners.model.ReflectiveCallable.run(ReflectiveCallable.java:12)
	at org.junit.runners.model.FrameworkMethod.invokeExplosively(FrameworkMethod.java:47)
	at org.junit.internal.runners.statements.InvokeMethod.evaluate(InvokeMethod.java:17)
	at fi.helsinki.cs.tmc.edutestutils.MockStdio$1.evaluate(MockStdio.java:106)
	at org.junit.rules.RunRules.evaluate(RunRules.java:20)
	at org.junit.runners.ParentRunner.runLeaf(ParentRunner.java:325)
	at org.junit.runners.BlockJUnit4ClassRunner.runChild(BlockJUnit4ClassRunner.java:78)
	at org.junit.runners.BlockJUnit4ClassRunner.runChild(BlockJUnit4ClassRunner.java:57)
	at org.junit.runners.ParentRunner$3.run(ParentRunner.java:290)
	at org.junit.runners.ParentRunner$1.schedule(ParentRunner.java:71)
	at org.junit.runners.ParentRunner.runChildren(ParentRunner.java:288)
	at org.junit.runners.ParentRunner.access$000(ParentRunner.java:58)
	at org.junit.runners.ParentRunner$2.evaluate(ParentRunner.java:268)
	at org.junit.runners.ParentRunner.run(ParentRunner.java:363)
	at org.apache.maven.surefire.junit4.JUnit4Provider.execute(JUnit4Provider.java:252)
	at org.apache.maven.surefire.junit4.JUnit4Provider.executeTestSet(JUnit4Provider.java:141)
	at org.apache.maven.surefire.junit4.JUnit4Provider.invoke(JUnit4Provider.java:112)
	at java.base/jdk.internal.reflect.NativeMethodAccessorImpl.invoke0(Native Method)
	at java.base/jdk.internal.reflect.NativeMethodAccessorImpl.invoke(NativeMethodAccessorImpl.java:62)
	at java.base/jdk.internal.reflect.DelegatingMethodAccessorImpl.invoke(DelegatingMethodAccessorImpl.java:43)
	at java.base/java.lang.reflect.Method.invoke(Method.java:566)
	at org.apache.maven.surefire.util.ReflectionUtils.invokeMethodWithArray(ReflectionUtils.java:189)
	at org.apache.maven.surefire.booter.ProviderFactory$ProviderProxy.invoke(ProviderFactory.java:165)
	at org.apache.maven.surefire.booter.ProviderFactory.invokeProvider(ProviderFactory.java:85)
	at org.apache.maven.surefire.booter.ForkedBooter.runSuitesInProcess(ForkedBooter.java:115)
	at org.apache.maven.surefire.booter.ForkedBooter.main(ForkedBooter.java:75)
</failure>
  </testcase>
  <testcase classname="LiquidContainers2Test" name="container6" time="0.001"/>
  <testcase classname="LiquidContainers2Test" name="remove1" time="0.003"/>
  <testcase classname="LiquidContainers2Test" name="remove2" time="0.003"/>
  <testcase classname="LiquidContainers2Test" name="remove3" time="0.002"/>
  <testcase classname="LiquidContainers2Test" name="remove4" time="0.014"/>
</testsuite>